[2025-12-12 22:47:38][INFO] Initialized/verified Squad structure at: C:\Projects\SQUAD
[2025-12-14 21:35:12][INFO] Initialized/verified SQUAD structure at: C:\Projects\SQUAD
[2025-12-14 21:35:12][INFO] Scaffolded file: C:\Projects\SQUAD\README.md
[2025-12-14 21:35:12][INFO] Scaffolded file: C:\Projects\SQUAD\SYSTEM\CONFIG\squad.config.json
[2025-12-14 21:35:12][INFO] Scaffolded file: C:\Projects\SQUAD\AGENTS\PROMPTS\README.md
[2025-12-14 21:35:12][INFO] Scaffolded file: C:\Projects\SQUAD\AGENTS\SCHEMAS\README.md
[2025-12-14 21:35:12][INFO] Scaffolded file: C:\Projects\SQUAD\AGENTS\CORE\README.md
[2025-12-14 21:35:12][INFO] Scaffolded file: C:\Projects\SQUAD\CASES\TEMPLATES\case_template.json
[2025-12-14 21:35:12][INFO] Scaffolded file: C:\Projects\SQUAD\CASES\TEMPLATES\notes.md
[2025-12-14 21:35:12][INFO] Scaffolded file: C:\Projects\SQUAD\OUTPUTS\README.md
[2025-12-14 21:35:12][INFO] Scaffolded file: C:\Projects\SQUAD\DOCS\README.md
[2025-12-14 21:35:12][INFO] Scaffold complete. Files created/overwritten: 9
[2025-12-14 21:39:13][INFO] Initialized/verified SQUAD structure at: C:\Projects\SQUAD
[2025-12-14 21:39:13][INFO] Scaffolded file: C:\Projects\SQUAD\README.md
[2025-12-14 21:39:13][INFO] Scaffolded file: C:\Projects\SQUAD\SYSTEM\CONFIG\squad.config.json
[2025-12-14 21:39:13][INFO] Scaffolded file: C:\Projects\SQUAD\AGENTS\PROMPTS\README.md
[2025-12-14 21:39:13][INFO] Scaffolded file: C:\Projects\SQUAD\AGENTS\SCHEMAS\README.md
[2025-12-14 21:39:13][INFO] Scaffolded file: C:\Projects\SQUAD\AGENTS\CORE\README.md
[2025-12-14 21:39:13][INFO] Scaffolded file: C:\Projects\SQUAD\CASES\TEMPLATES\case_template.json
[2025-12-14 21:39:13][INFO] Scaffolded file: C:\Projects\SQUAD\CASES\TEMPLATES\notes.md
[2025-12-14 21:39:13][INFO] Scaffolded file: C:\Projects\SQUAD\OUTPUTS\README.md
[2025-12-14 21:39:13][INFO] Scaffolded file: C:\Projects\SQUAD\DOCS\README.md
[2025-12-14 21:39:13][INFO] Scaffold complete. Files created/overwritten: 9
[2025-12-14 21:39:57][INFO] Initialized/verified SQUAD structure at: C:\Projects\SQUAD
[2025-12-14 21:39:57][INFO] Scaffolded file: C:\Projects\SQUAD\README.md
[2025-12-14 21:39:57][INFO] Scaffolded file: C:\Projects\SQUAD\SYSTEM\CONFIG\squad.config.json
[2025-12-14 21:39:57][INFO] Scaffolded file: C:\Projects\SQUAD\AGENTS\PROMPTS\README.md
[2025-12-14 21:39:57][INFO] Scaffolded file: C:\Projects\SQUAD\AGENTS\SCHEMAS\README.md
[2025-12-14 21:39:57][INFO] Scaffolded file: C:\Projects\SQUAD\AGENTS\CORE\README.md
[2025-12-14 21:39:57][INFO] Scaffolded file: C:\Projects\SQUAD\CASES\TEMPLATES\case_template.json
[2025-12-14 21:39:57][INFO] Scaffolded file: C:\Projects\SQUAD\CASES\TEMPLATES\notes.md
[2025-12-14 21:39:57][INFO] Scaffolded file: C:\Projects\SQUAD\OUTPUTS\README.md
[2025-12-14 21:39:57][INFO] Scaffolded file: C:\Projects\SQUAD\DOCS\README.md
[2025-12-14 21:39:57][INFO] Scaffold complete. Files created/overwritten: 9
[2025-12-14 21:41:13][INFO] Initialized/verified SQUAD structure at: C:\Projects\SQUAD
[2025-12-14 21:41:13][INFO] Scaffolded file: C:\Projects\SQUAD\README.md
[2025-12-14 21:41:13][INFO] Scaffolded file: C:\Projects\SQUAD\SYSTEM\CONFIG\squad.config.json
[2025-12-14 21:41:13][INFO] Scaffolded file: C:\Projects\SQUAD\AGENTS\PROMPTS\README.md
[2025-12-14 21:41:13][INFO] Scaffolded file: C:\Projects\SQUAD\AGENTS\SCHEMAS\README.md
[2025-12-14 21:41:13][INFO] Scaffolded file: C:\Projects\SQUAD\AGENTS\CORE\README.md
[2025-12-14 21:41:13][INFO] Scaffolded file: C:\Projects\SQUAD\CASES\TEMPLATES\case_template.json
[2025-12-14 21:41:13][INFO] Scaffolded file: C:\Projects\SQUAD\CASES\TEMPLATES\notes.md
[2025-12-14 21:41:13][INFO] Scaffolded file: C:\Projects\SQUAD\OUTPUTS\README.md
[2025-12-14 21:41:13][INFO] Scaffolded file: C:\Projects\SQUAD\DOCS\README.md
[2025-12-14 21:41:13][INFO] Scaffold complete. Files created/overwritten: 9
[2025-12-15 00:02:36][INFO] Initialized/verified SQUAD structure at: C:\Projects\SQUAD
[2025-12-15 00:02:36][INFO] Scaffolded file: C:\Projects\SQUAD\README.md
[2025-12-15 00:02:36][INFO] Scaffolded file: C:\Projects\SQUAD\SYSTEM\CONFIG\squad.config.json
[2025-12-15 00:02:36][INFO] Scaffolded file: C:\Projects\SQUAD\AGENTS\PROMPTS\README.md
[2025-12-15 00:02:36][INFO] Scaffolded file: C:\Projects\SQUAD\AGENTS\SCHEMAS\README.md
[2025-12-15 00:02:36][INFO] Scaffolded file: C:\Projects\SQUAD\AGENTS\CORE\README.md
[2025-12-15 00:02:36][INFO] Scaffolded file: C:\Projects\SQUAD\CASES\TEMPLATES\case_template.json
[2025-12-15 00:02:36][INFO] Scaffolded file: C:\Projects\SQUAD\CASES\TEMPLATES\notes.md
[2025-12-15 00:02:36][INFO] Scaffolded file: C:\Projects\SQUAD\OUTPUTS\README.md
[2025-12-15 00:02:36][INFO] Scaffolded file: C:\Projects\SQUAD\DOCS\README.md
[2025-12-15 00:02:36][INFO] Scaffold complete. Files created/overwritten: 9
[2025-12-15 00:02:37][INFO] Initialized git repo in: C:\Projects\SQUAD
